<?xml version="1.0" encoding="utf-8"?><testsuites name="pytest tests"><testsuite name="pytest" errors="0" failures="0" skipped="0" tests="10" time="14.779" timestamp="2026-05-06T23:22:52.439970+00:00" hostname="agent-env-db0eda8d-2e06-40ba-8ff2-0315e4436408"><testcase classname="backend.tests.test_riverrunner" name="test_root_health" time="0.243" /><testcase classname="backend.tests.test_riverrunner" name="test_featured_rivers" time="0.068" /><testcase classname="backend.tests.test_riverrunner" name="test_river_detail_grand_canyon" time="0.357" /><testcase classname="backend.tests.test_riverrunner" name="test_river_not_found" time="0.070" /><testcase classname="backend.tests.test_riverrunner" name="test_usgs_nearby_co" time="12.275" /><testcase classname="backend.tests.test_riverrunner" name="test_usgs_nearby_invalid" time="0.067" /><testcase classname="backend.tests.test_riverrunner" name="test_usgs_search_state_co" time="1.156" /><testcase classname="backend.tests.test_riverrunner" name="test_usgs_search_invalid" time="0.082" /><testcase classname="backend.tests.test_riverrunner" name="test_usgs_site_detail" time="0.274" /><testcase classname="backend.tests.test_riverrunner" name="test_usgs_site_invalid_id" time="0.072" /></testsuite></testsuites>